<?xml version="1.0" encoding="UTF-8"?>
<!-- Generated by org.testng.reporters.JUnitReportReporter -->
<testsuite hostname="MSKK-DAN-LT8714" failures="0" tests="2" name="Test_GET" time="2.094" errors="0" timestamp="2022-05-04T23:54:33 TRT" skipped="0">
  <testcase classname="Test_GET" name="test2" time="0.668"/>
  <system-out/>
  <testcase classname="Test_GET" name="test1" time="1.426"/>
  <system-out/>
</testsuite> <!-- Test_GET -->
